TOKEN_IDENTIFIER: hello
TOKEN_HD
TOKEN_EQ
TOKEN_INT: 2
TOKEN_DOT
TOKEN_INT: 2
TOKEN_DIVIDE
TOKEN_INT: 234
TOKEN_INT: 2
TOKEN_EQ
TOKEN_INT: 2
TOKEN_INT: 3
TOKEN_GT
TOKEN_INT: 4
TOKEN_INT: 3
TOKEN_GEQ
TOKEN_INT: 4
TOKEN_INT: 4
TOKEN_LT
TOKEN_INT: 5
TOKEN_INT: 5
TOKEN_LEQ
TOKEN_INT: 5
TOKEN_INT: 4
TOKEN_NEQ
TOKEN_INT: 5
TOKEN_HD
TOKEN_LPAREN
TOKEN_INT: 2
TOKEN_CONS
TOKEN_INT: 3
TOKEN_CONS
TOKEN_INT: 4
TOKEN_RPAREN
TOKEN_HD
TOKEN_INT: 2
TOKEN_PLUS
TOKEN_INT: 3
TOKEN_TIMES
TOKEN_INT: 4
TOKEN_DIVIDE
TOKEN_INT: 5
TOKEN_MINUS
TOKEN_INT: 3
TOKEN_MINUS
TOKEN_INT: 4
TOKEN_RPAREN
TOKEN_IDENTIFIER: withletplusminusnilisnilreadintreadstring
TOKEN_IDENTIFIER: WIThLetPLUsMinUSNIl
TOKEN_LAMBDA
TOKEN_IN
TOKEN_ISNIL
TOKEN_READINT
TOKEN_READSTRING
TOKEN_HD
TOKEN_HD
TOKEN_INT: 2
TOKEN_HD
TOKEN_LPAREN
TOKEN_INT: 2
TOKEN_CONS
TOKEN_INT: 3
TOKEN_RPAREN
TOKEN_INT: 2
TOKEN_HD
TOKEN_TL
TOKEN_HD
TOKEN_INT: 23
TOKEN_TL
TOKEN_TL
TOKEN_IDENTIFIER: TL
TOKEN_TL
TOKEN_LPAREN
TOKEN_RPAREN
TOKEN_LPAREN
TOKEN_RPAREN
TOKEN_LPAREN
TOKEN_RPAREN
TOKEN_LPAREN
TOKEN_RPAREN
TOKEN_LPAREN
TOKEN_RPAREN
TOKEN_LPAREN
TOKEN_RPAREN
TOKEN_LPAREN
TOKEN_RPAREN
TOKEN_LPAREN
TOKEN_LPAREN
TOKEN_LPAREN
TOKEN_LPAREN
TOKEN_LPAREN
TOKEN_LPAREN
TOKEN_LPAREN
TOKEN_LPAREN
TOKEN_LPAREN
TOKEN_LPAREN
TOKEN_RPAREN
TOKEN_RPAREN
TOKEN_RPAREN
TOKEN_RPAREN
TOKEN_RPAREN
TOKEN_RPAREN
TOKEN_RPAREN
TOKEN_RPAREN
TOKEN_RPAREN
TOKEN_RPAREN
TOKEN_LPAREN
TOKEN_LPAREN
TOKEN_LPAREN
TOKEN_LPAREN
TOKEN_LPAREN
TOKEN_IDENTIFIER: hello
TOKEN_RPAREN
TOKEN_RPAREN
TOKEN_RPAREN
TOKEN_LPAREN
TOKEN_LPAREN
TOKEN_LPAREN
TOKEN_LPAREN
TOKEN_IDENTIFIER: hi
TOKEN_RPAREN
TOKEN_LPAREN
TOKEN_RPAREN
At line 24: Lexing Error
