Grammar

    0 $accept: program $end

    1 program: expression

    2 expression: TOKEN_LET expression TOKEN_EQ expression TOKEN_IN expression
    3           | TOKEN_FUN expression TOKEN_WITH expression TOKEN_EQ expression TOKEN_IN expression
    4           | TOKEN_FUN expression TOKEN_WITH id_list TOKEN_EQ expression TOKEN_IN expression
    5           | TOKEN_LAMBDA id_list TOKEN_DOT expression
    6           | TOKEN_LAMBDA expression TOKEN_DOT expression
    7           | TOKEN_IF expression TOKEN_THEN expression TOKEN_ELSE expression
    8           | TOKEN_INT
    9           | TOKEN_STRING
   10           | TOKEN_IDENTIFIER
   11           | TOKEN_ISNIL expression
   12           | expression TOKEN_PLUS expression
   13           | expression TOKEN_AND expression
   14           | expression TOKEN_OR expression
   15           | expression TOKEN_MINUS expression
   16           | expression TOKEN_TIMES expression
   17           | expression TOKEN_DIVIDE expression
   18           | expression TOKEN_EQ expression
   19           | expression TOKEN_NEQ expression
   20           | expression TOKEN_LT expression
   21           | expression TOKEN_LEQ expression
   22           | expression TOKEN_GT expression
   23           | expression TOKEN_GEQ expression
   24           | TOKEN_PRINT expression
   25           | TOKEN_READINT
   26           | TOKEN_READSTRING
   27           | TOKEN_HD expression
   28           | TOKEN_TL expression
   29           | expression TOKEN_CONS expression
   30           | TOKEN_NIL
   31           | TOKEN_LPAREN expression_application TOKEN_RPAREN
   32           | TOKEN_LPAREN expression TOKEN_RPAREN
   33           | TOKEN_ERROR

   34 expression_application: expression expression
   35                       | expression_application expression

   36 id_list: expression TOKEN_COMMA expression
   37        | id_list TOKEN_COMMA expression


Terminals, with rules where they appear

$end (0) 0
error (256)
TOKEN_READSTRING (258) 26
TOKEN_READINT (259) 25
TOKEN_PRINT (260) 24
TOKEN_ISNIL (261) 11
TOKEN_HD (262) 27
TOKEN_TL (263) 28
TOKEN_CONS (264) 29
TOKEN_NIL (265) 30
TOKEN_DOT (266) 5 6
TOKEN_WITH (267) 3 4
TOKEN_LET (268) 2
TOKEN_PLUS (269) 12
TOKEN_MINUS (270) 15
TOKEN_IDENTIFIER (271) 10
TOKEN_TIMES (272) 16
TOKEN_DIVIDE (273) 17
TOKEN_INT (274) 8
TOKEN_LPAREN (275) 31 32
TOKEN_RPAREN (276) 31 32
TOKEN_AND (277) 13
TOKEN_OR (278) 14
TOKEN_EQ (279) 2 3 4 18
TOKEN_NEQ (280) 19
TOKEN_GT (281) 22
TOKEN_GEQ (282) 23
TOKEN_LT (283) 20
TOKEN_LEQ (284) 21
TOKEN_IF (285) 7
TOKEN_THEN (286) 7
TOKEN_ELSE (287) 7
TOKEN_LAMBDA (288) 5 6
TOKEN_FUN (289) 3 4
TOKEN_COMMA (290) 36 37
TOKEN_STRING (291) 9
TOKEN_ERROR (292) 33
TOKEN_IN (293) 2 3 4
EXPR (294)
funEQ (295)


Nonterminals, with rules where they appear

$accept (41)
    on left: 0
program (42)
    on left: 1, on right: 0
expression (43)
    on left: 2 3 4 5 6 7 8 9 10 11 12 13 14 15 16 17 18 19 20 21 22
    23 24 25 26 27 28 29 30 31 32 33, on right: 1 2 3 4 5 6 7 11 12
    13 14 15 16 17 18 19 20 21 22 23 24 27 28 29 32 34 35 36 37
expression_application (44)
    on left: 34 35, on right: 31 35
id_list (45)
    on left: 36 37, on right: 4 5 37


state 0

    0 $accept: . program $end

    TOKEN_READSTRING  shift, and go to state 1
    TOKEN_READINT     shift, and go to state 2
    TOKEN_PRINT       shift, and go to state 3
    TOKEN_ISNIL       shift, and go to state 4
    TOKEN_HD          shift, and go to state 5
    TOKEN_TL          shift, and go to state 6
    TOKEN_NIL         shift, and go to state 7
    TOKEN_LET         shift, and go to state 8
    TOKEN_IDENTIFIER  shift, and go to state 9
    TOKEN_INT         shift, and go to state 10
    TOKEN_LPAREN      shift, and go to state 11
    TOKEN_IF          shift, and go to state 12
    TOKEN_LAMBDA      shift, and go to state 13
    TOKEN_FUN         shift, and go to state 14
    TOKEN_STRING      shift, and go to state 15
    TOKEN_ERROR       shift, and go to state 16

    program     go to state 17
    expression  go to state 18


state 1

   26 expression: TOKEN_READSTRING .

    $default  reduce using rule 26 (expression)


state 2

   25 expression: TOKEN_READINT .

    $default  reduce using rule 25 (expression)


state 3

   24 expression: TOKEN_PRINT . expression

    TOKEN_READSTRING  shift, and go to state 1
    TOKEN_READINT     shift, and go to state 2
    TOKEN_PRINT       shift, and go to state 3
    TOKEN_ISNIL       shift, and go to state 4
    TOKEN_HD          shift, and go to state 5
    TOKEN_TL          shift, and go to state 6
    TOKEN_NIL         shift, and go to state 7
    TOKEN_LET         shift, and go to state 8
    TOKEN_IDENTIFIER  shift, and go to state 9
    TOKEN_INT         shift, and go to state 10
    TOKEN_LPAREN      shift, and go to state 11
    TOKEN_IF          shift, and go to state 12
    TOKEN_LAMBDA      shift, and go to state 13
    TOKEN_FUN         shift, and go to state 14
    TOKEN_STRING      shift, and go to state 15
    TOKEN_ERROR       shift, and go to state 16

    expression  go to state 19


state 4

   11 expression: TOKEN_ISNIL . expression

    TOKEN_READSTRING  shift, and go to state 1
    TOKEN_READINT     shift, and go to state 2
    TOKEN_PRINT       shift, and go to state 3
    TOKEN_ISNIL       shift, and go to state 4
    TOKEN_HD          shift, and go to state 5
    TOKEN_TL          shift, and go to state 6
    TOKEN_NIL         shift, and go to state 7
    TOKEN_LET         shift, and go to state 8
    TOKEN_IDENTIFIER  shift, and go to state 9
    TOKEN_INT         shift, and go to state 10
    TOKEN_LPAREN      shift, and go to state 11
    TOKEN_IF          shift, and go to state 12
    TOKEN_LAMBDA      shift, and go to state 13
    TOKEN_FUN         shift, and go to state 14
    TOKEN_STRING      shift, and go to state 15
    TOKEN_ERROR       shift, and go to state 16

    expression  go to state 20


state 5

   27 expression: TOKEN_HD . expression

    TOKEN_READSTRING  shift, and go to state 1
    TOKEN_READINT     shift, and go to state 2
    TOKEN_PRINT       shift, and go to state 3
    TOKEN_ISNIL       shift, and go to state 4
    TOKEN_HD          shift, and go to state 5
    TOKEN_TL          shift, and go to state 6
    TOKEN_NIL         shift, and go to state 7
    TOKEN_LET         shift, and go to state 8
    TOKEN_IDENTIFIER  shift, and go to state 9
    TOKEN_INT         shift, and go to state 10
    TOKEN_LPAREN      shift, and go to state 11
    TOKEN_IF          shift, and go to state 12
    TOKEN_LAMBDA      shift, and go to state 13
    TOKEN_FUN         shift, and go to state 14
    TOKEN_STRING      shift, and go to state 15
    TOKEN_ERROR       shift, and go to state 16

    expression  go to state 21


state 6

   28 expression: TOKEN_TL . expression

    TOKEN_READSTRING  shift, and go to state 1
    TOKEN_READINT     shift, and go to state 2
    TOKEN_PRINT       shift, and go to state 3
    TOKEN_ISNIL       shift, and go to state 4
    TOKEN_HD          shift, and go to state 5
    TOKEN_TL          shift, and go to state 6
    TOKEN_NIL         shift, and go to state 7
    TOKEN_LET         shift, and go to state 8
    TOKEN_IDENTIFIER  shift, and go to state 9
    TOKEN_INT         shift, and go to state 10
    TOKEN_LPAREN      shift, and go to state 11
    TOKEN_IF          shift, and go to state 12
    TOKEN_LAMBDA      shift, and go to state 13
    TOKEN_FUN         shift, and go to state 14
    TOKEN_STRING      shift, and go to state 15
    TOKEN_ERROR       shift, and go to state 16

    expression  go to state 22


state 7

   30 expression: TOKEN_NIL .

    $default  reduce using rule 30 (expression)


state 8

    2 expression: TOKEN_LET . expression TOKEN_EQ expression TOKEN_IN expression

    TOKEN_READSTRING  shift, and go to state 1
    TOKEN_READINT     shift, and go to state 2
    TOKEN_PRINT       shift, and go to state 3
    TOKEN_ISNIL       shift, and go to state 4
    TOKEN_HD          shift, and go to state 5
    TOKEN_TL          shift, and go to state 6
    TOKEN_NIL         shift, and go to state 7
    TOKEN_LET         shift, and go to state 8
    TOKEN_IDENTIFIER  shift, and go to state 9
    TOKEN_INT         shift, and go to state 10
    TOKEN_LPAREN      shift, and go to state 11
    TOKEN_IF          shift, and go to state 12
    TOKEN_LAMBDA      shift, and go to state 13
    TOKEN_FUN         shift, and go to state 14
    TOKEN_STRING      shift, and go to state 15
    TOKEN_ERROR       shift, and go to state 16

    expression  go to state 23


state 9

   10 expression: TOKEN_IDENTIFIER .

    $default  reduce using rule 10 (expression)


state 10

    8 expression: TOKEN_INT .

    $default  reduce using rule 8 (expression)


state 11

   31 expression: TOKEN_LPAREN . expression_application TOKEN_RPAREN
   32           | TOKEN_LPAREN . expression TOKEN_RPAREN

    TOKEN_READSTRING  shift, and go to state 1
    TOKEN_READINT     shift, and go to state 2
    TOKEN_PRINT       shift, and go to state 3
    TOKEN_ISNIL       shift, and go to state 4
    TOKEN_HD          shift, and go to state 5
    TOKEN_TL          shift, and go to state 6
    TOKEN_NIL         shift, and go to state 7
    TOKEN_LET         shift, and go to state 8
    TOKEN_IDENTIFIER  shift, and go to state 9
    TOKEN_INT         shift, and go to state 10
    TOKEN_LPAREN      shift, and go to state 11
    TOKEN_IF          shift, and go to state 12
    TOKEN_LAMBDA      shift, and go to state 13
    TOKEN_FUN         shift, and go to state 14
    TOKEN_STRING      shift, and go to state 15
    TOKEN_ERROR       shift, and go to state 16

    expression              go to state 24
    expression_application  go to state 25


state 12

    7 expression: TOKEN_IF . expression TOKEN_THEN expression TOKEN_ELSE expression

    TOKEN_READSTRING  shift, and go to state 1
    TOKEN_READINT     shift, and go to state 2
    TOKEN_PRINT       shift, and go to state 3
    TOKEN_ISNIL       shift, and go to state 4
    TOKEN_HD          shift, and go to state 5
    TOKEN_TL          shift, and go to state 6
    TOKEN_NIL         shift, and go to state 7
    TOKEN_LET         shift, and go to state 8
    TOKEN_IDENTIFIER  shift, and go to state 9
    TOKEN_INT         shift, and go to state 10
    TOKEN_LPAREN      shift, and go to state 11
    TOKEN_IF          shift, and go to state 12
    TOKEN_LAMBDA      shift, and go to state 13
    TOKEN_FUN         shift, and go to state 14
    TOKEN_STRING      shift, and go to state 15
    TOKEN_ERROR       shift, and go to state 16

    expression  go to state 26


state 13

    5 expression: TOKEN_LAMBDA . id_list TOKEN_DOT expression
    6           | TOKEN_LAMBDA . expression TOKEN_DOT expression

    TOKEN_READSTRING  shift, and go to state 1
    TOKEN_READINT     shift, and go to state 2
    TOKEN_PRINT       shift, and go to state 3
    TOKEN_ISNIL       shift, and go to state 4
    TOKEN_HD          shift, and go to state 5
    TOKEN_TL          shift, and go to state 6
    TOKEN_NIL         shift, and go to state 7
    TOKEN_LET         shift, and go to state 8
    TOKEN_IDENTIFIER  shift, and go to state 9
    TOKEN_INT         shift, and go to state 10
    TOKEN_LPAREN      shift, and go to state 11
    TOKEN_IF          shift, and go to state 12
    TOKEN_LAMBDA      shift, and go to state 13
    TOKEN_FUN         shift, and go to state 14
    TOKEN_STRING      shift, and go to state 15
    TOKEN_ERROR       shift, and go to state 16

    expression  go to state 27
    id_list     go to state 28


state 14

    3 expression: TOKEN_FUN . expression TOKEN_WITH expression TOKEN_EQ expression TOKEN_IN expression
    4           | TOKEN_FUN . expression TOKEN_WITH id_list TOKEN_EQ expression TOKEN_IN expression

    TOKEN_READSTRING  shift, and go to state 1
    TOKEN_READINT     shift, and go to state 2
    TOKEN_PRINT       shift, and go to state 3
    TOKEN_ISNIL       shift, and go to state 4
    TOKEN_HD          shift, and go to state 5
    TOKEN_TL          shift, and go to state 6
    TOKEN_NIL         shift, and go to state 7
    TOKEN_LET         shift, and go to state 8
    TOKEN_IDENTIFIER  shift, and go to state 9
    TOKEN_INT         shift, and go to state 10
    TOKEN_LPAREN      shift, and go to state 11
    TOKEN_IF          shift, and go to state 12
    TOKEN_LAMBDA      shift, and go to state 13
    TOKEN_FUN         shift, and go to state 14
    TOKEN_STRING      shift, and go to state 15
    TOKEN_ERROR       shift, and go to state 16

    expression  go to state 29


state 15

    9 expression: TOKEN_STRING .

    $default  reduce using rule 9 (expression)


state 16

   33 expression: TOKEN_ERROR .

    $default  reduce using rule 33 (expression)


state 17

    0 $accept: program . $end

    $end  shift, and go to state 30


state 18

    1 program: expression .
   12 expression: expression . TOKEN_PLUS expression
   13           | expression . TOKEN_AND expression
   14           | expression . TOKEN_OR expression
   15           | expression . TOKEN_MINUS expression
   16           | expression . TOKEN_TIMES expression
   17           | expression . TOKEN_DIVIDE expression
   18           | expression . TOKEN_EQ expression
   19           | expression . TOKEN_NEQ expression
   20           | expression . TOKEN_LT expression
   21           | expression . TOKEN_LEQ expression
   22           | expression . TOKEN_GT expression
   23           | expression . TOKEN_GEQ expression
   29           | expression . TOKEN_CONS expression

    TOKEN_CONS    shift, and go to state 31
    TOKEN_PLUS    shift, and go to state 32
    TOKEN_MINUS   shift, and go to state 33
    TOKEN_TIMES   shift, and go to state 34
    TOKEN_DIVIDE  shift, and go to state 35
    TOKEN_AND     shift, and go to state 36
    TOKEN_OR      shift, and go to state 37
    TOKEN_EQ      shift, and go to state 38
    TOKEN_NEQ     shift, and go to state 39
    TOKEN_GT      shift, and go to state 40
    TOKEN_GEQ     shift, and go to state 41
    TOKEN_LT      shift, and go to state 42
    TOKEN_LEQ     shift, and go to state 43

    $default  reduce using rule 1 (program)


state 19

   12 expression: expression . TOKEN_PLUS expression
   13           | expression . TOKEN_AND expression
   14           | expression . TOKEN_OR expression
   15           | expression . TOKEN_MINUS expression
   16           | expression . TOKEN_TIMES expression
   17           | expression . TOKEN_DIVIDE expression
   18           | expression . TOKEN_EQ expression
   19           | expression . TOKEN_NEQ expression
   20           | expression . TOKEN_LT expression
   21           | expression . TOKEN_LEQ expression
   22           | expression . TOKEN_GT expression
   23           | expression . TOKEN_GEQ expression
   24           | TOKEN_PRINT expression .
   29           | expression . TOKEN_CONS expression

    TOKEN_CONS    shift, and go to state 31
    TOKEN_PLUS    shift, and go to state 32
    TOKEN_MINUS   shift, and go to state 33
    TOKEN_TIMES   shift, and go to state 34
    TOKEN_DIVIDE  shift, and go to state 35
    TOKEN_AND     shift, and go to state 36
    TOKEN_OR      shift, and go to state 37
    TOKEN_EQ      shift, and go to state 38
    TOKEN_NEQ     shift, and go to state 39
    TOKEN_GT      shift, and go to state 40
    TOKEN_GEQ     shift, and go to state 41
    TOKEN_LT      shift, and go to state 42
    TOKEN_LEQ     shift, and go to state 43

    $default  reduce using rule 24 (expression)


state 20

   11 expression: TOKEN_ISNIL expression .
   12           | expression . TOKEN_PLUS expression
   13           | expression . TOKEN_AND expression
   14           | expression . TOKEN_OR expression
   15           | expression . TOKEN_MINUS expression
   16           | expression . TOKEN_TIMES expression
   17           | expression . TOKEN_DIVIDE expression
   18           | expression . TOKEN_EQ expression
   19           | expression . TOKEN_NEQ expression
   20           | expression . TOKEN_LT expression
   21           | expression . TOKEN_LEQ expression
   22           | expression . TOKEN_GT expression
   23           | expression . TOKEN_GEQ expression
   29           | expression . TOKEN_CONS expression

    TOKEN_CONS  shift, and go to state 31

    $default  reduce using rule 11 (expression)


state 21

   12 expression: expression . TOKEN_PLUS expression
   13           | expression . TOKEN_AND expression
   14           | expression . TOKEN_OR expression
   15           | expression . TOKEN_MINUS expression
   16           | expression . TOKEN_TIMES expression
   17           | expression . TOKEN_DIVIDE expression
   18           | expression . TOKEN_EQ expression
   19           | expression . TOKEN_NEQ expression
   20           | expression . TOKEN_LT expression
   21           | expression . TOKEN_LEQ expression
   22           | expression . TOKEN_GT expression
   23           | expression . TOKEN_GEQ expression
   27           | TOKEN_HD expression .
   29           | expression . TOKEN_CONS expression

    $default  reduce using rule 27 (expression)


state 22

   12 expression: expression . TOKEN_PLUS expression
   13           | expression . TOKEN_AND expression
   14           | expression . TOKEN_OR expression
   15           | expression . TOKEN_MINUS expression
   16           | expression . TOKEN_TIMES expression
   17           | expression . TOKEN_DIVIDE expression
   18           | expression . TOKEN_EQ expression
   19           | expression . TOKEN_NEQ expression
   20           | expression . TOKEN_LT expression
   21           | expression . TOKEN_LEQ expression
   22           | expression . TOKEN_GT expression
   23           | expression . TOKEN_GEQ expression
   28           | TOKEN_TL expression .
   29           | expression . TOKEN_CONS expression

    $default  reduce using rule 28 (expression)


state 23

    2 expression: TOKEN_LET expression . TOKEN_EQ expression TOKEN_IN expression
   12           | expression . TOKEN_PLUS expression
   13           | expression . TOKEN_AND expression
   14           | expression . TOKEN_OR expression
   15           | expression . TOKEN_MINUS expression
   16           | expression . TOKEN_TIMES expression
   17           | expression . TOKEN_DIVIDE expression
   18           | expression . TOKEN_EQ expression
   19           | expression . TOKEN_NEQ expression
   20           | expression . TOKEN_LT expression
   21           | expression . TOKEN_LEQ expression
   22           | expression . TOKEN_GT expression
   23           | expression . TOKEN_GEQ expression
   29           | expression . TOKEN_CONS expression

    TOKEN_CONS    shift, and go to state 31
    TOKEN_PLUS    shift, and go to state 32
    TOKEN_MINUS   shift, and go to state 33
    TOKEN_TIMES   shift, and go to state 34
    TOKEN_DIVIDE  shift, and go to state 35
    TOKEN_AND     shift, and go to state 36
    TOKEN_OR      shift, and go to state 37
    TOKEN_EQ      shift, and go to state 44
    TOKEN_NEQ     shift, and go to state 39
    TOKEN_GT      shift, and go to state 40
    TOKEN_GEQ     shift, and go to state 41
    TOKEN_LT      shift, and go to state 42
    TOKEN_LEQ     shift, and go to state 43


state 24

   12 expression: expression . TOKEN_PLUS expression
   13           | expression . TOKEN_AND expression
   14           | expression . TOKEN_OR expression
   15           | expression . TOKEN_MINUS expression
   16           | expression . TOKEN_TIMES expression
   17           | expression . TOKEN_DIVIDE expression
   18           | expression . TOKEN_EQ expression
   19           | expression . TOKEN_NEQ expression
   20           | expression . TOKEN_LT expression
   21           | expression . TOKEN_LEQ expression
   22           | expression . TOKEN_GT expression
   23           | expression . TOKEN_GEQ expression
   29           | expression . TOKEN_CONS expression
   32           | TOKEN_LPAREN expression . TOKEN_RPAREN
   34 expression_application: expression . expression

    TOKEN_READSTRING  shift, and go to state 1
    TOKEN_READINT     shift, and go to state 2
    TOKEN_PRINT       shift, and go to state 3
    TOKEN_ISNIL       shift, and go to state 4
    TOKEN_HD          shift, and go to state 5
    TOKEN_TL          shift, and go to state 6
    TOKEN_CONS        shift, and go to state 31
    TOKEN_NIL         shift, and go to state 7
    TOKEN_LET         shift, and go to state 8
    TOKEN_PLUS        shift, and go to state 32
    TOKEN_MINUS       shift, and go to state 33
    TOKEN_IDENTIFIER  shift, and go to state 9
    TOKEN_TIMES       shift, and go to state 34
    TOKEN_DIVIDE      shift, and go to state 35
    TOKEN_INT         shift, and go to state 10
    TOKEN_LPAREN      shift, and go to state 11
    TOKEN_RPAREN      shift, and go to state 45
    TOKEN_AND         shift, and go to state 36
    TOKEN_OR          shift, and go to state 37
    TOKEN_EQ          shift, and go to state 38
    TOKEN_NEQ         shift, and go to state 39
    TOKEN_GT          shift, and go to state 40
    TOKEN_GEQ         shift, and go to state 41
    TOKEN_LT          shift, and go to state 42
    TOKEN_LEQ         shift, and go to state 43
    TOKEN_IF          shift, and go to state 12
    TOKEN_LAMBDA      shift, and go to state 13
    TOKEN_FUN         shift, and go to state 14
    TOKEN_STRING      shift, and go to state 15
    TOKEN_ERROR       shift, and go to state 16

    expression  go to state 46


state 25

   31 expression: TOKEN_LPAREN expression_application . TOKEN_RPAREN
   35 expression_application: expression_application . expression

    TOKEN_READSTRING  shift, and go to state 1
    TOKEN_READINT     shift, and go to state 2
    TOKEN_PRINT       shift, and go to state 3
    TOKEN_ISNIL       shift, and go to state 4
    TOKEN_HD          shift, and go to state 5
    TOKEN_TL          shift, and go to state 6
    TOKEN_NIL         shift, and go to state 7
    TOKEN_LET         shift, and go to state 8
    TOKEN_IDENTIFIER  shift, and go to state 9
    TOKEN_INT         shift, and go to state 10
    TOKEN_LPAREN      shift, and go to state 11
    TOKEN_RPAREN      shift, and go to state 47
    TOKEN_IF          shift, and go to state 12
    TOKEN_LAMBDA      shift, and go to state 13
    TOKEN_FUN         shift, and go to state 14
    TOKEN_STRING      shift, and go to state 15
    TOKEN_ERROR       shift, and go to state 16

    expression  go to state 48


state 26

    7 expression: TOKEN_IF expression . TOKEN_THEN expression TOKEN_ELSE expression
   12           | expression . TOKEN_PLUS expression
   13           | expression . TOKEN_AND expression
   14           | expression . TOKEN_OR expression
   15           | expression . TOKEN_MINUS expression
   16           | expression . TOKEN_TIMES expression
   17           | expression . TOKEN_DIVIDE expression
   18           | expression . TOKEN_EQ expression
   19           | expression . TOKEN_NEQ expression
   20           | expression . TOKEN_LT expression
   21           | expression . TOKEN_LEQ expression
   22           | expression . TOKEN_GT expression
   23           | expression . TOKEN_GEQ expression
   29           | expression . TOKEN_CONS expression

    TOKEN_CONS    shift, and go to state 31
    TOKEN_PLUS    shift, and go to state 32
    TOKEN_MINUS   shift, and go to state 33
    TOKEN_TIMES   shift, and go to state 34
    TOKEN_DIVIDE  shift, and go to state 35
    TOKEN_AND     shift, and go to state 36
    TOKEN_OR      shift, and go to state 37
    TOKEN_EQ      shift, and go to state 38
    TOKEN_NEQ     shift, and go to state 39
    TOKEN_GT      shift, and go to state 40
    TOKEN_GEQ     shift, and go to state 41
    TOKEN_LT      shift, and go to state 42
    TOKEN_LEQ     shift, and go to state 43
    TOKEN_THEN    shift, and go to state 49


state 27

    6 expression: TOKEN_LAMBDA expression . TOKEN_DOT expression
   12           | expression . TOKEN_PLUS expression
   13           | expression . TOKEN_AND expression
   14           | expression . TOKEN_OR expression
   15           | expression . TOKEN_MINUS expression
   16           | expression . TOKEN_TIMES expression
   17           | expression . TOKEN_DIVIDE expression
   18           | expression . TOKEN_EQ expression
   19           | expression . TOKEN_NEQ expression
   20           | expression . TOKEN_LT expression
   21           | expression . TOKEN_LEQ expression
   22           | expression . TOKEN_GT expression
   23           | expression . TOKEN_GEQ expression
   29           | expression . TOKEN_CONS expression
   36 id_list: expression . TOKEN_COMMA expression

    TOKEN_CONS    shift, and go to state 31
    TOKEN_DOT     shift, and go to state 50
    TOKEN_PLUS    shift, and go to state 32
    TOKEN_MINUS   shift, and go to state 33
    TOKEN_TIMES   shift, and go to state 34
    TOKEN_DIVIDE  shift, and go to state 35
    TOKEN_AND     shift, and go to state 36
    TOKEN_OR      shift, and go to state 37
    TOKEN_EQ      shift, and go to state 38
    TOKEN_NEQ     shift, and go to state 39
    TOKEN_GT      shift, and go to state 40
    TOKEN_GEQ     shift, and go to state 41
    TOKEN_LT      shift, and go to state 42
    TOKEN_LEQ     shift, and go to state 43
    TOKEN_COMMA   shift, and go to state 51


state 28

    5 expression: TOKEN_LAMBDA id_list . TOKEN_DOT expression
   37 id_list: id_list . TOKEN_COMMA expression

    TOKEN_DOT    shift, and go to state 52
    TOKEN_COMMA  shift, and go to state 53


state 29

    3 expression: TOKEN_FUN expression . TOKEN_WITH expression TOKEN_EQ expression TOKEN_IN expression
    4           | TOKEN_FUN expression . TOKEN_WITH id_list TOKEN_EQ expression TOKEN_IN expression
   12           | expression . TOKEN_PLUS expression
   13           | expression . TOKEN_AND expression
   14           | expression . TOKEN_OR expression
   15           | expression . TOKEN_MINUS expression
   16           | expression . TOKEN_TIMES expression
   17           | expression . TOKEN_DIVIDE expression
   18           | expression . TOKEN_EQ expression
   19           | expression . TOKEN_NEQ expression
   20           | expression . TOKEN_LT expression
   21           | expression . TOKEN_LEQ expression
   22           | expression . TOKEN_GT expression
   23           | expression . TOKEN_GEQ expression
   29           | expression . TOKEN_CONS expression

    TOKEN_CONS    shift, and go to state 31
    TOKEN_WITH    shift, and go to state 54
    TOKEN_PLUS    shift, and go to state 32
    TOKEN_MINUS   shift, and go to state 33
    TOKEN_TIMES   shift, and go to state 34
    TOKEN_DIVIDE  shift, and go to state 35
    TOKEN_AND     shift, and go to state 36
    TOKEN_OR      shift, and go to state 37
    TOKEN_EQ      shift, and go to state 38
    TOKEN_NEQ     shift, and go to state 39
    TOKEN_GT      shift, and go to state 40
    TOKEN_GEQ     shift, and go to state 41
    TOKEN_LT      shift, and go to state 42
    TOKEN_LEQ     shift, and go to state 43


state 30

    0 $accept: program $end .

    $default  accept


state 31

   29 expression: expression TOKEN_CONS . expression

    TOKEN_READSTRING  shift, and go to state 1
    TOKEN_READINT     shift, and go to state 2
    TOKEN_PRINT       shift, and go to state 3
    TOKEN_ISNIL       shift, and go to state 4
    TOKEN_HD          shift, and go to state 5
    TOKEN_TL          shift, and go to state 6
    TOKEN_NIL         shift, and go to state 7
    TOKEN_LET         shift, and go to state 8
    TOKEN_IDENTIFIER  shift, and go to state 9
    TOKEN_INT         shift, and go to state 10
    TOKEN_LPAREN      shift, and go to state 11
    TOKEN_IF          shift, and go to state 12
    TOKEN_LAMBDA      shift, and go to state 13
    TOKEN_FUN         shift, and go to state 14
    TOKEN_STRING      shift, and go to state 15
    TOKEN_ERROR       shift, and go to state 16

    expression  go to state 55


state 32

   12 expression: expression TOKEN_PLUS . expression

    TOKEN_READSTRING  shift, and go to state 1
    TOKEN_READINT     shift, and go to state 2
    TOKEN_PRINT       shift, and go to state 3
    TOKEN_ISNIL       shift, and go to state 4
    TOKEN_HD          shift, and go to state 5
    TOKEN_TL          shift, and go to state 6
    TOKEN_NIL         shift, and go to state 7
    TOKEN_LET         shift, and go to state 8
    TOKEN_IDENTIFIER  shift, and go to state 9
    TOKEN_INT         shift, and go to state 10
    TOKEN_LPAREN      shift, and go to state 11
    TOKEN_IF          shift, and go to state 12
    TOKEN_LAMBDA      shift, and go to state 13
    TOKEN_FUN         shift, and go to state 14
    TOKEN_STRING      shift, and go to state 15
    TOKEN_ERROR       shift, and go to state 16

    expression  go to state 56


state 33

   15 expression: expression TOKEN_MINUS . expression

    TOKEN_READSTRING  shift, and go to state 1
    TOKEN_READINT     shift, and go to state 2
    TOKEN_PRINT       shift, and go to state 3
    TOKEN_ISNIL       shift, and go to state 4
    TOKEN_HD          shift, and go to state 5
    TOKEN_TL          shift, and go to state 6
    TOKEN_NIL         shift, and go to state 7
    TOKEN_LET         shift, and go to state 8
    TOKEN_IDENTIFIER  shift, and go to state 9
    TOKEN_INT         shift, and go to state 10
    TOKEN_LPAREN      shift, and go to state 11
    TOKEN_IF          shift, and go to state 12
    TOKEN_LAMBDA      shift, and go to state 13
    TOKEN_FUN         shift, and go to state 14
    TOKEN_STRING      shift, and go to state 15
    TOKEN_ERROR       shift, and go to state 16

    expression  go to state 57


state 34

   16 expression: expression TOKEN_TIMES . expression

    TOKEN_READSTRING  shift, and go to state 1
    TOKEN_READINT     shift, and go to state 2
    TOKEN_PRINT       shift, and go to state 3
    TOKEN_ISNIL       shift, and go to state 4
    TOKEN_HD          shift, and go to state 5
    TOKEN_TL          shift, and go to state 6
    TOKEN_NIL         shift, and go to state 7
    TOKEN_LET         shift, and go to state 8
    TOKEN_IDENTIFIER  shift, and go to state 9
    TOKEN_INT         shift, and go to state 10
    TOKEN_LPAREN      shift, and go to state 11
    TOKEN_IF          shift, and go to state 12
    TOKEN_LAMBDA      shift, and go to state 13
    TOKEN_FUN         shift, and go to state 14
    TOKEN_STRING      shift, and go to state 15
    TOKEN_ERROR       shift, and go to state 16

    expression  go to state 58


state 35

   17 expression: expression TOKEN_DIVIDE . expression

    TOKEN_READSTRING  shift, and go to state 1
    TOKEN_READINT     shift, and go to state 2
    TOKEN_PRINT       shift, and go to state 3
    TOKEN_ISNIL       shift, and go to state 4
    TOKEN_HD          shift, and go to state 5
    TOKEN_TL          shift, and go to state 6
    TOKEN_NIL         shift, and go to state 7
    TOKEN_LET         shift, and go to state 8
    TOKEN_IDENTIFIER  shift, and go to state 9
    TOKEN_INT         shift, and go to state 10
    TOKEN_LPAREN      shift, and go to state 11
    TOKEN_IF          shift, and go to state 12
    TOKEN_LAMBDA      shift, and go to state 13
    TOKEN_FUN         shift, and go to state 14
    TOKEN_STRING      shift, and go to state 15
    TOKEN_ERROR       shift, and go to state 16

    expression  go to state 59


state 36

   13 expression: expression TOKEN_AND . expression

    TOKEN_READSTRING  shift, and go to state 1
    TOKEN_READINT     shift, and go to state 2
    TOKEN_PRINT       shift, and go to state 3
    TOKEN_ISNIL       shift, and go to state 4
    TOKEN_HD          shift, and go to state 5
    TOKEN_TL          shift, and go to state 6
    TOKEN_NIL         shift, and go to state 7
    TOKEN_LET         shift, and go to state 8
    TOKEN_IDENTIFIER  shift, and go to state 9
    TOKEN_INT         shift, and go to state 10
    TOKEN_LPAREN      shift, and go to state 11
    TOKEN_IF          shift, and go to state 12
    TOKEN_LAMBDA      shift, and go to state 13
    TOKEN_FUN         shift, and go to state 14
    TOKEN_STRING      shift, and go to state 15
    TOKEN_ERROR       shift, and go to state 16

    expression  go to state 60


state 37

   14 expression: expression TOKEN_OR . expression

    TOKEN_READSTRING  shift, and go to state 1
    TOKEN_READINT     shift, and go to state 2
    TOKEN_PRINT       shift, and go to state 3
    TOKEN_ISNIL       shift, and go to state 4
    TOKEN_HD          shift, and go to state 5
    TOKEN_TL          shift, and go to state 6
    TOKEN_NIL         shift, and go to state 7
    TOKEN_LET         shift, and go to state 8
    TOKEN_IDENTIFIER  shift, and go to state 9
    TOKEN_INT         shift, and go to state 10
    TOKEN_LPAREN      shift, and go to state 11
    TOKEN_IF          shift, and go to state 12
    TOKEN_LAMBDA      shift, and go to state 13
    TOKEN_FUN         shift, and go to state 14
    TOKEN_STRING      shift, and go to state 15
    TOKEN_ERROR       shift, and go to state 16

    expression  go to state 61


state 38

   18 expression: expression TOKEN_EQ . expression

    TOKEN_READSTRING  shift, and go to state 1
    TOKEN_READINT     shift, and go to state 2
    TOKEN_PRINT       shift, and go to state 3
    TOKEN_ISNIL       shift, and go to state 4
    TOKEN_HD          shift, and go to state 5
    TOKEN_TL          shift, and go to state 6
    TOKEN_NIL         shift, and go to state 7
    TOKEN_LET         shift, and go to state 8
    TOKEN_IDENTIFIER  shift, and go to state 9
    TOKEN_INT         shift, and go to state 10
    TOKEN_LPAREN      shift, and go to state 11
    TOKEN_IF          shift, and go to state 12
    TOKEN_LAMBDA      shift, and go to state 13
    TOKEN_FUN         shift, and go to state 14
    TOKEN_STRING      shift, and go to state 15
    TOKEN_ERROR       shift, and go to state 16

    expression  go to state 62


state 39

   19 expression: expression TOKEN_NEQ . expression

    TOKEN_READSTRING  shift, and go to state 1
    TOKEN_READINT     shift, and go to state 2
    TOKEN_PRINT       shift, and go to state 3
    TOKEN_ISNIL       shift, and go to state 4
    TOKEN_HD          shift, and go to state 5
    TOKEN_TL          shift, and go to state 6
    TOKEN_NIL         shift, and go to state 7
    TOKEN_LET         shift, and go to state 8
    TOKEN_IDENTIFIER  shift, and go to state 9
    TOKEN_INT         shift, and go to state 10
    TOKEN_LPAREN      shift, and go to state 11
    TOKEN_IF          shift, and go to state 12
    TOKEN_LAMBDA      shift, and go to state 13
    TOKEN_FUN         shift, and go to state 14
    TOKEN_STRING      shift, and go to state 15
    TOKEN_ERROR       shift, and go to state 16

    expression  go to state 63


state 40

   22 expression: expression TOKEN_GT . expression

    TOKEN_READSTRING  shift, and go to state 1
    TOKEN_READINT     shift, and go to state 2
    TOKEN_PRINT       shift, and go to state 3
    TOKEN_ISNIL       shift, and go to state 4
    TOKEN_HD          shift, and go to state 5
    TOKEN_TL          shift, and go to state 6
    TOKEN_NIL         shift, and go to state 7
    TOKEN_LET         shift, and go to state 8
    TOKEN_IDENTIFIER  shift, and go to state 9
    TOKEN_INT         shift, and go to state 10
    TOKEN_LPAREN      shift, and go to state 11
    TOKEN_IF          shift, and go to state 12
    TOKEN_LAMBDA      shift, and go to state 13
    TOKEN_FUN         shift, and go to state 14
    TOKEN_STRING      shift, and go to state 15
    TOKEN_ERROR       shift, and go to state 16

    expression  go to state 64


state 41

   23 expression: expression TOKEN_GEQ . expression

    TOKEN_READSTRING  shift, and go to state 1
    TOKEN_READINT     shift, and go to state 2
    TOKEN_PRINT       shift, and go to state 3
    TOKEN_ISNIL       shift, and go to state 4
    TOKEN_HD          shift, and go to state 5
    TOKEN_TL          shift, and go to state 6
    TOKEN_NIL         shift, and go to state 7
    TOKEN_LET         shift, and go to state 8
    TOKEN_IDENTIFIER  shift, and go to state 9
    TOKEN_INT         shift, and go to state 10
    TOKEN_LPAREN      shift, and go to state 11
    TOKEN_IF          shift, and go to state 12
    TOKEN_LAMBDA      shift, and go to state 13
    TOKEN_FUN         shift, and go to state 14
    TOKEN_STRING      shift, and go to state 15
    TOKEN_ERROR       shift, and go to state 16

    expression  go to state 65


state 42

   20 expression: expression TOKEN_LT . expression

    TOKEN_READSTRING  shift, and go to state 1
    TOKEN_READINT     shift, and go to state 2
    TOKEN_PRINT       shift, and go to state 3
    TOKEN_ISNIL       shift, and go to state 4
    TOKEN_HD          shift, and go to state 5
    TOKEN_TL          shift, and go to state 6
    TOKEN_NIL         shift, and go to state 7
    TOKEN_LET         shift, and go to state 8
    TOKEN_IDENTIFIER  shift, and go to state 9
    TOKEN_INT         shift, and go to state 10
    TOKEN_LPAREN      shift, and go to state 11
    TOKEN_IF          shift, and go to state 12
    TOKEN_LAMBDA      shift, and go to state 13
    TOKEN_FUN         shift, and go to state 14
    TOKEN_STRING      shift, and go to state 15
    TOKEN_ERROR       shift, and go to state 16

    expression  go to state 66


state 43

   21 expression: expression TOKEN_LEQ . expression

    TOKEN_READSTRING  shift, and go to state 1
    TOKEN_READINT     shift, and go to state 2
    TOKEN_PRINT       shift, and go to state 3
    TOKEN_ISNIL       shift, and go to state 4
    TOKEN_HD          shift, and go to state 5
    TOKEN_TL          shift, and go to state 6
    TOKEN_NIL         shift, and go to state 7
    TOKEN_LET         shift, and go to state 8
    TOKEN_IDENTIFIER  shift, and go to state 9
    TOKEN_INT         shift, and go to state 10
    TOKEN_LPAREN      shift, and go to state 11
    TOKEN_IF          shift, and go to state 12
    TOKEN_LAMBDA      shift, and go to state 13
    TOKEN_FUN         shift, and go to state 14
    TOKEN_STRING      shift, and go to state 15
    TOKEN_ERROR       shift, and go to state 16

    expression  go to state 67


state 44

    2 expression: TOKEN_LET expression TOKEN_EQ . expression TOKEN_IN expression
   18           | expression TOKEN_EQ . expression

    TOKEN_READSTRING  shift, and go to state 1
    TOKEN_READINT     shift, and go to state 2
    TOKEN_PRINT       shift, and go to state 3
    TOKEN_ISNIL       shift, and go to state 4
    TOKEN_HD          shift, and go to state 5
    TOKEN_TL          shift, and go to state 6
    TOKEN_NIL         shift, and go to state 7
    TOKEN_LET         shift, and go to state 8
    TOKEN_IDENTIFIER  shift, and go to state 9
    TOKEN_INT         shift, and go to state 10
    TOKEN_LPAREN      shift, and go to state 11
    TOKEN_IF          shift, and go to state 12
    TOKEN_LAMBDA      shift, and go to state 13
    TOKEN_FUN         shift, and go to state 14
    TOKEN_STRING      shift, and go to state 15
    TOKEN_ERROR       shift, and go to state 16

    expression  go to state 68


state 45

   32 expression: TOKEN_LPAREN expression TOKEN_RPAREN .

    $default  reduce using rule 32 (expression)


state 46

   12 expression: expression . TOKEN_PLUS expression
   13           | expression . TOKEN_AND expression
   14           | expression . TOKEN_OR expression
   15           | expression . TOKEN_MINUS expression
   16           | expression . TOKEN_TIMES expression
   17           | expression . TOKEN_DIVIDE expression
   18           | expression . TOKEN_EQ expression
   19           | expression . TOKEN_NEQ expression
   20           | expression . TOKEN_LT expression
   21           | expression . TOKEN_LEQ expression
   22           | expression . TOKEN_GT expression
   23           | expression . TOKEN_GEQ expression
   29           | expression . TOKEN_CONS expression
   34 expression_application: expression expression .

    TOKEN_CONS    shift, and go to state 31
    TOKEN_PLUS    shift, and go to state 32
    TOKEN_MINUS   shift, and go to state 33
    TOKEN_TIMES   shift, and go to state 34
    TOKEN_DIVIDE  shift, and go to state 35
    TOKEN_AND     shift, and go to state 36
    TOKEN_OR      shift, and go to state 37
    TOKEN_EQ      shift, and go to state 38
    TOKEN_NEQ     shift, and go to state 39
    TOKEN_GT      shift, and go to state 40
    TOKEN_GEQ     shift, and go to state 41
    TOKEN_LT      shift, and go to state 42
    TOKEN_LEQ     shift, and go to state 43

    $default  reduce using rule 34 (expression_application)


state 47

   31 expression: TOKEN_LPAREN expression_application TOKEN_RPAREN .

    $default  reduce using rule 31 (expression)


state 48

   12 expression: expression . TOKEN_PLUS expression
   13           | expression . TOKEN_AND expression
   14           | expression . TOKEN_OR expression
   15           | expression . TOKEN_MINUS expression
   16           | expression . TOKEN_TIMES expression
   17           | expression . TOKEN_DIVIDE expression
   18           | expression . TOKEN_EQ expression
   19           | expression . TOKEN_NEQ expression
   20           | expression . TOKEN_LT expression
   21           | expression . TOKEN_LEQ expression
   22           | expression . TOKEN_GT expression
   23           | expression . TOKEN_GEQ expression
   29           | expression . TOKEN_CONS expression
   35 expression_application: expression_application expression .

    TOKEN_CONS    shift, and go to state 31
    TOKEN_PLUS    shift, and go to state 32
    TOKEN_MINUS   shift, and go to state 33
    TOKEN_TIMES   shift, and go to state 34
    TOKEN_DIVIDE  shift, and go to state 35
    TOKEN_AND     shift, and go to state 36
    TOKEN_OR      shift, and go to state 37
    TOKEN_EQ      shift, and go to state 38
    TOKEN_NEQ     shift, and go to state 39
    TOKEN_GT      shift, and go to state 40
    TOKEN_GEQ     shift, and go to state 41
    TOKEN_LT      shift, and go to state 42
    TOKEN_LEQ     shift, and go to state 43

    $default  reduce using rule 35 (expression_application)


state 49

    7 expression: TOKEN_IF expression TOKEN_THEN . expression TOKEN_ELSE expression

    TOKEN_READSTRING  shift, and go to state 1
    TOKEN_READINT     shift, and go to state 2
    TOKEN_PRINT       shift, and go to state 3
    TOKEN_ISNIL       shift, and go to state 4
    TOKEN_HD          shift, and go to state 5
    TOKEN_TL          shift, and go to state 6
    TOKEN_NIL         shift, and go to state 7
    TOKEN_LET         shift, and go to state 8
    TOKEN_IDENTIFIER  shift, and go to state 9
    TOKEN_INT         shift, and go to state 10
    TOKEN_LPAREN      shift, and go to state 11
    TOKEN_IF          shift, and go to state 12
    TOKEN_LAMBDA      shift, and go to state 13
    TOKEN_FUN         shift, and go to state 14
    TOKEN_STRING      shift, and go to state 15
    TOKEN_ERROR       shift, and go to state 16

    expression  go to state 69


state 50

    6 expression: TOKEN_LAMBDA expression TOKEN_DOT . expression

    TOKEN_READSTRING  shift, and go to state 1
    TOKEN_READINT     shift, and go to state 2
    TOKEN_PRINT       shift, and go to state 3
    TOKEN_ISNIL       shift, and go to state 4
    TOKEN_HD          shift, and go to state 5
    TOKEN_TL          shift, and go to state 6
    TOKEN_NIL         shift, and go to state 7
    TOKEN_LET         shift, and go to state 8
    TOKEN_IDENTIFIER  shift, and go to state 9
    TOKEN_INT         shift, and go to state 10
    TOKEN_LPAREN      shift, and go to state 11
    TOKEN_IF          shift, and go to state 12
    TOKEN_LAMBDA      shift, and go to state 13
    TOKEN_FUN         shift, and go to state 14
    TOKEN_STRING      shift, and go to state 15
    TOKEN_ERROR       shift, and go to state 16

    expression  go to state 70


state 51

   36 id_list: expression TOKEN_COMMA . expression

    TOKEN_READSTRING  shift, and go to state 1
    TOKEN_READINT     shift, and go to state 2
    TOKEN_PRINT       shift, and go to state 3
    TOKEN_ISNIL       shift, and go to state 4
    TOKEN_HD          shift, and go to state 5
    TOKEN_TL          shift, and go to state 6
    TOKEN_NIL         shift, and go to state 7
    TOKEN_LET         shift, and go to state 8
    TOKEN_IDENTIFIER  shift, and go to state 9
    TOKEN_INT         shift, and go to state 10
    TOKEN_LPAREN      shift, and go to state 11
    TOKEN_IF          shift, and go to state 12
    TOKEN_LAMBDA      shift, and go to state 13
    TOKEN_FUN         shift, and go to state 14
    TOKEN_STRING      shift, and go to state 15
    TOKEN_ERROR       shift, and go to state 16

    expression  go to state 71


state 52

    5 expression: TOKEN_LAMBDA id_list TOKEN_DOT . expression

    TOKEN_READSTRING  shift, and go to state 1
    TOKEN_READINT     shift, and go to state 2
    TOKEN_PRINT       shift, and go to state 3
    TOKEN_ISNIL       shift, and go to state 4
    TOKEN_HD          shift, and go to state 5
    TOKEN_TL          shift, and go to state 6
    TOKEN_NIL         shift, and go to state 7
    TOKEN_LET         shift, and go to state 8
    TOKEN_IDENTIFIER  shift, and go to state 9
    TOKEN_INT         shift, and go to state 10
    TOKEN_LPAREN      shift, and go to state 11
    TOKEN_IF          shift, and go to state 12
    TOKEN_LAMBDA      shift, and go to state 13
    TOKEN_FUN         shift, and go to state 14
    TOKEN_STRING      shift, and go to state 15
    TOKEN_ERROR       shift, and go to state 16

    expression  go to state 72


state 53

   37 id_list: id_list TOKEN_COMMA . expression

    TOKEN_READSTRING  shift, and go to state 1
    TOKEN_READINT     shift, and go to state 2
    TOKEN_PRINT       shift, and go to state 3
    TOKEN_ISNIL       shift, and go to state 4
    TOKEN_HD          shift, and go to state 5
    TOKEN_TL          shift, and go to state 6
    TOKEN_NIL         shift, and go to state 7
    TOKEN_LET         shift, and go to state 8
    TOKEN_IDENTIFIER  shift, and go to state 9
    TOKEN_INT         shift, and go to state 10
    TOKEN_LPAREN      shift, and go to state 11
    TOKEN_IF          shift, and go to state 12
    TOKEN_LAMBDA      shift, and go to state 13
    TOKEN_FUN         shift, and go to state 14
    TOKEN_STRING      shift, and go to state 15
    TOKEN_ERROR       shift, and go to state 16

    expression  go to state 73


state 54

    3 expression: TOKEN_FUN expression TOKEN_WITH . expression TOKEN_EQ expression TOKEN_IN expression
    4           | TOKEN_FUN expression TOKEN_WITH . id_list TOKEN_EQ expression TOKEN_IN expression

    TOKEN_READSTRING  shift, and go to state 1
    TOKEN_READINT     shift, and go to state 2
    TOKEN_PRINT       shift, and go to state 3
    TOKEN_ISNIL       shift, and go to state 4
    TOKEN_HD          shift, and go to state 5
    TOKEN_TL          shift, and go to state 6
    TOKEN_NIL         shift, and go to state 7
    TOKEN_LET         shift, and go to state 8
    TOKEN_IDENTIFIER  shift, and go to state 9
    TOKEN_INT         shift, and go to state 10
    TOKEN_LPAREN      shift, and go to state 11
    TOKEN_IF          shift, and go to state 12
    TOKEN_LAMBDA      shift, and go to state 13
    TOKEN_FUN         shift, and go to state 14
    TOKEN_STRING      shift, and go to state 15
    TOKEN_ERROR       shift, and go to state 16

    expression  go to state 74
    id_list     go to state 75


state 55

   12 expression: expression . TOKEN_PLUS expression
   13           | expression . TOKEN_AND expression
   14           | expression . TOKEN_OR expression
   15           | expression . TOKEN_MINUS expression
   16           | expression . TOKEN_TIMES expression
   17           | expression . TOKEN_DIVIDE expression
   18           | expression . TOKEN_EQ expression
   19           | expression . TOKEN_NEQ expression
   20           | expression . TOKEN_LT expression
   21           | expression . TOKEN_LEQ expression
   22           | expression . TOKEN_GT expression
   23           | expression . TOKEN_GEQ expression
   29           | expression . TOKEN_CONS expression
   29           | expression TOKEN_CONS expression .

    TOKEN_CONS  shift, and go to state 31

    $default  reduce using rule 29 (expression)


state 56

   12 expression: expression . TOKEN_PLUS expression
   12           | expression TOKEN_PLUS expression .
   13           | expression . TOKEN_AND expression
   14           | expression . TOKEN_OR expression
   15           | expression . TOKEN_MINUS expression
   16           | expression . TOKEN_TIMES expression
   17           | expression . TOKEN_DIVIDE expression
   18           | expression . TOKEN_EQ expression
   19           | expression . TOKEN_NEQ expression
   20           | expression . TOKEN_LT expression
   21           | expression . TOKEN_LEQ expression
   22           | expression . TOKEN_GT expression
   23           | expression . TOKEN_GEQ expression
   29           | expression . TOKEN_CONS expression

    TOKEN_CONS    shift, and go to state 31
    TOKEN_TIMES   shift, and go to state 34
    TOKEN_DIVIDE  shift, and go to state 35

    $default  reduce using rule 12 (expression)


state 57

   12 expression: expression . TOKEN_PLUS expression
   13           | expression . TOKEN_AND expression
   14           | expression . TOKEN_OR expression
   15           | expression . TOKEN_MINUS expression
   15           | expression TOKEN_MINUS expression .
   16           | expression . TOKEN_TIMES expression
   17           | expression . TOKEN_DIVIDE expression
   18           | expression . TOKEN_EQ expression
   19           | expression . TOKEN_NEQ expression
   20           | expression . TOKEN_LT expression
   21           | expression . TOKEN_LEQ expression
   22           | expression . TOKEN_GT expression
   23           | expression . TOKEN_GEQ expression
   29           | expression . TOKEN_CONS expression

    TOKEN_CONS    shift, and go to state 31
    TOKEN_TIMES   shift, and go to state 34
    TOKEN_DIVIDE  shift, and go to state 35

    $default  reduce using rule 15 (expression)


state 58

   12 expression: expression . TOKEN_PLUS expression
   13           | expression . TOKEN_AND expression
   14           | expression . TOKEN_OR expression
   15           | expression . TOKEN_MINUS expression
   16           | expression . TOKEN_TIMES expression
   16           | expression TOKEN_TIMES expression .
   17           | expression . TOKEN_DIVIDE expression
   18           | expression . TOKEN_EQ expression
   19           | expression . TOKEN_NEQ expression
   20           | expression . TOKEN_LT expression
   21           | expression . TOKEN_LEQ expression
   22           | expression . TOKEN_GT expression
   23           | expression . TOKEN_GEQ expression
   29           | expression . TOKEN_CONS expression

    TOKEN_CONS  shift, and go to state 31

    $default  reduce using rule 16 (expression)


state 59

   12 expression: expression . TOKEN_PLUS expression
   13           | expression . TOKEN_AND expression
   14           | expression . TOKEN_OR expression
   15           | expression . TOKEN_MINUS expression
   16           | expression . TOKEN_TIMES expression
   17           | expression . TOKEN_DIVIDE expression
   17           | expression TOKEN_DIVIDE expression .
   18           | expression . TOKEN_EQ expression
   19           | expression . TOKEN_NEQ expression
   20           | expression . TOKEN_LT expression
   21           | expression . TOKEN_LEQ expression
   22           | expression . TOKEN_GT expression
   23           | expression . TOKEN_GEQ expression
   29           | expression . TOKEN_CONS expression

    TOKEN_CONS  shift, and go to state 31

    $default  reduce using rule 17 (expression)


state 60

   12 expression: expression . TOKEN_PLUS expression
   13           | expression . TOKEN_AND expression
   13           | expression TOKEN_AND expression .
   14           | expression . TOKEN_OR expression
   15           | expression . TOKEN_MINUS expression
   16           | expression . TOKEN_TIMES expression
   17           | expression . TOKEN_DIVIDE expression
   18           | expression . TOKEN_EQ expression
   19           | expression . TOKEN_NEQ expression
   20           | expression . TOKEN_LT expression
   21           | expression . TOKEN_LEQ expression
   22           | expression . TOKEN_GT expression
   23           | expression . TOKEN_GEQ expression
   29           | expression . TOKEN_CONS expression

    TOKEN_CONS    shift, and go to state 31
    TOKEN_PLUS    shift, and go to state 32
    TOKEN_MINUS   shift, and go to state 33
    TOKEN_TIMES   shift, and go to state 34
    TOKEN_DIVIDE  shift, and go to state 35

    $default  reduce using rule 13 (expression)


state 61

   12 expression: expression . TOKEN_PLUS expression
   13           | expression . TOKEN_AND expression
   14           | expression . TOKEN_OR expression
   14           | expression TOKEN_OR expression .
   15           | expression . TOKEN_MINUS expression
   16           | expression . TOKEN_TIMES expression
   17           | expression . TOKEN_DIVIDE expression
   18           | expression . TOKEN_EQ expression
   19           | expression . TOKEN_NEQ expression
   20           | expression . TOKEN_LT expression
   21           | expression . TOKEN_LEQ expression
   22           | expression . TOKEN_GT expression
   23           | expression . TOKEN_GEQ expression
   29           | expression . TOKEN_CONS expression

    TOKEN_CONS    shift, and go to state 31
    TOKEN_PLUS    shift, and go to state 32
    TOKEN_MINUS   shift, and go to state 33
    TOKEN_TIMES   shift, and go to state 34
    TOKEN_DIVIDE  shift, and go to state 35

    $default  reduce using rule 14 (expression)


state 62

   12 expression: expression . TOKEN_PLUS expression
   13           | expression . TOKEN_AND expression
   14           | expression . TOKEN_OR expression
   15           | expression . TOKEN_MINUS expression
   16           | expression . TOKEN_TIMES expression
   17           | expression . TOKEN_DIVIDE expression
   18           | expression . TOKEN_EQ expression
   18           | expression TOKEN_EQ expression .
   19           | expression . TOKEN_NEQ expression
   20           | expression . TOKEN_LT expression
   21           | expression . TOKEN_LEQ expression
   22           | expression . TOKEN_GT expression
   23           | expression . TOKEN_GEQ expression
   29           | expression . TOKEN_CONS expression

    TOKEN_CONS    shift, and go to state 31
    TOKEN_PLUS    shift, and go to state 32
    TOKEN_MINUS   shift, and go to state 33
    TOKEN_TIMES   shift, and go to state 34
    TOKEN_DIVIDE  shift, and go to state 35
    TOKEN_AND     shift, and go to state 36
    TOKEN_OR      shift, and go to state 37

    $default  reduce using rule 18 (expression)


state 63

   12 expression: expression . TOKEN_PLUS expression
   13           | expression . TOKEN_AND expression
   14           | expression . TOKEN_OR expression
   15           | expression . TOKEN_MINUS expression
   16           | expression . TOKEN_TIMES expression
   17           | expression . TOKEN_DIVIDE expression
   18           | expression . TOKEN_EQ expression
   19           | expression . TOKEN_NEQ expression
   19           | expression TOKEN_NEQ expression .
   20           | expression . TOKEN_LT expression
   21           | expression . TOKEN_LEQ expression
   22           | expression . TOKEN_GT expression
   23           | expression . TOKEN_GEQ expression
   29           | expression . TOKEN_CONS expression

    TOKEN_CONS    shift, and go to state 31
    TOKEN_PLUS    shift, and go to state 32
    TOKEN_MINUS   shift, and go to state 33
    TOKEN_TIMES   shift, and go to state 34
    TOKEN_DIVIDE  shift, and go to state 35
    TOKEN_AND     shift, and go to state 36
    TOKEN_OR      shift, and go to state 37

    $default  reduce using rule 19 (expression)


state 64

   12 expression: expression . TOKEN_PLUS expression
   13           | expression . TOKEN_AND expression
   14           | expression . TOKEN_OR expression
   15           | expression . TOKEN_MINUS expression
   16           | expression . TOKEN_TIMES expression
   17           | expression . TOKEN_DIVIDE expression
   18           | expression . TOKEN_EQ expression
   19           | expression . TOKEN_NEQ expression
   20           | expression . TOKEN_LT expression
   21           | expression . TOKEN_LEQ expression
   22           | expression . TOKEN_GT expression
   22           | expression TOKEN_GT expression .
   23           | expression . TOKEN_GEQ expression
   29           | expression . TOKEN_CONS expression

    TOKEN_CONS    shift, and go to state 31
    TOKEN_PLUS    shift, and go to state 32
    TOKEN_MINUS   shift, and go to state 33
    TOKEN_TIMES   shift, and go to state 34
    TOKEN_DIVIDE  shift, and go to state 35
    TOKEN_AND     shift, and go to state 36
    TOKEN_OR      shift, and go to state 37

    $default  reduce using rule 22 (expression)


state 65

   12 expression: expression . TOKEN_PLUS expression
   13           | expression . TOKEN_AND expression
   14           | expression . TOKEN_OR expression
   15           | expression . TOKEN_MINUS expression
   16           | expression . TOKEN_TIMES expression
   17           | expression . TOKEN_DIVIDE expression
   18           | expression . TOKEN_EQ expression
   19           | expression . TOKEN_NEQ expression
   20           | expression . TOKEN_LT expression
   21           | expression . TOKEN_LEQ expression
   22           | expression . TOKEN_GT expression
   23           | expression . TOKEN_GEQ expression
   23           | expression TOKEN_GEQ expression .
   29           | expression . TOKEN_CONS expression

    TOKEN_CONS    shift, and go to state 31
    TOKEN_PLUS    shift, and go to state 32
    TOKEN_MINUS   shift, and go to state 33
    TOKEN_TIMES   shift, and go to state 34
    TOKEN_DIVIDE  shift, and go to state 35
    TOKEN_AND     shift, and go to state 36
    TOKEN_OR      shift, and go to state 37

    $default  reduce using rule 23 (expression)


state 66

   12 expression: expression . TOKEN_PLUS expression
   13           | expression . TOKEN_AND expression
   14           | expression . TOKEN_OR expression
   15           | expression . TOKEN_MINUS expression
   16           | expression . TOKEN_TIMES expression
   17           | expression . TOKEN_DIVIDE expression
   18           | expression . TOKEN_EQ expression
   19           | expression . TOKEN_NEQ expression
   20           | expression . TOKEN_LT expression
   20           | expression TOKEN_LT expression .
   21           | expression . TOKEN_LEQ expression
   22           | expression . TOKEN_GT expression
   23           | expression . TOKEN_GEQ expression
   29           | expression . TOKEN_CONS expression

    TOKEN_CONS    shift, and go to state 31
    TOKEN_PLUS    shift, and go to state 32
    TOKEN_MINUS   shift, and go to state 33
    TOKEN_TIMES   shift, and go to state 34
    TOKEN_DIVIDE  shift, and go to state 35
    TOKEN_AND     shift, and go to state 36
    TOKEN_OR      shift, and go to state 37

    $default  reduce using rule 20 (expression)


state 67

   12 expression: expression . TOKEN_PLUS expression
   13           | expression . TOKEN_AND expression
   14           | expression . TOKEN_OR expression
   15           | expression . TOKEN_MINUS expression
   16           | expression . TOKEN_TIMES expression
   17           | expression . TOKEN_DIVIDE expression
   18           | expression . TOKEN_EQ expression
   19           | expression . TOKEN_NEQ expression
   20           | expression . TOKEN_LT expression
   21           | expression . TOKEN_LEQ expression
   21           | expression TOKEN_LEQ expression .
   22           | expression . TOKEN_GT expression
   23           | expression . TOKEN_GEQ expression
   29           | expression . TOKEN_CONS expression

    TOKEN_CONS    shift, and go to state 31
    TOKEN_PLUS    shift, and go to state 32
    TOKEN_MINUS   shift, and go to state 33
    TOKEN_TIMES   shift, and go to state 34
    TOKEN_DIVIDE  shift, and go to state 35
    TOKEN_AND     shift, and go to state 36
    TOKEN_OR      shift, and go to state 37

    $default  reduce using rule 21 (expression)


state 68

    2 expression: TOKEN_LET expression TOKEN_EQ expression . TOKEN_IN expression
   12           | expression . TOKEN_PLUS expression
   13           | expression . TOKEN_AND expression
   14           | expression . TOKEN_OR expression
   15           | expression . TOKEN_MINUS expression
   16           | expression . TOKEN_TIMES expression
   17           | expression . TOKEN_DIVIDE expression
   18           | expression . TOKEN_EQ expression
   18           | expression TOKEN_EQ expression .
   19           | expression . TOKEN_NEQ expression
   20           | expression . TOKEN_LT expression
   21           | expression . TOKEN_LEQ expression
   22           | expression . TOKEN_GT expression
   23           | expression . TOKEN_GEQ expression
   29           | expression . TOKEN_CONS expression

    TOKEN_CONS    shift, and go to state 31
    TOKEN_PLUS    shift, and go to state 32
    TOKEN_MINUS   shift, and go to state 33
    TOKEN_TIMES   shift, and go to state 34
    TOKEN_DIVIDE  shift, and go to state 35
    TOKEN_AND     shift, and go to state 36
    TOKEN_OR      shift, and go to state 37
    TOKEN_IN      shift, and go to state 76

    $default  reduce using rule 18 (expression)


state 69

    7 expression: TOKEN_IF expression TOKEN_THEN expression . TOKEN_ELSE expression
   12           | expression . TOKEN_PLUS expression
   13           | expression . TOKEN_AND expression
   14           | expression . TOKEN_OR expression
   15           | expression . TOKEN_MINUS expression
   16           | expression . TOKEN_TIMES expression
   17           | expression . TOKEN_DIVIDE expression
   18           | expression . TOKEN_EQ expression
   19           | expression . TOKEN_NEQ expression
   20           | expression . TOKEN_LT expression
   21           | expression . TOKEN_LEQ expression
   22           | expression . TOKEN_GT expression
   23           | expression . TOKEN_GEQ expression
   29           | expression . TOKEN_CONS expression

    TOKEN_CONS    shift, and go to state 31
    TOKEN_PLUS    shift, and go to state 32
    TOKEN_MINUS   shift, and go to state 33
    TOKEN_TIMES   shift, and go to state 34
    TOKEN_DIVIDE  shift, and go to state 35
    TOKEN_AND     shift, and go to state 36
    TOKEN_OR      shift, and go to state 37
    TOKEN_EQ      shift, and go to state 38
    TOKEN_NEQ     shift, and go to state 39
    TOKEN_GT      shift, and go to state 40
    TOKEN_GEQ     shift, and go to state 41
    TOKEN_LT      shift, and go to state 42
    TOKEN_LEQ     shift, and go to state 43
    TOKEN_ELSE    shift, and go to state 77


state 70

    6 expression: TOKEN_LAMBDA expression TOKEN_DOT expression .
   12           | expression . TOKEN_PLUS expression
   13           | expression . TOKEN_AND expression
   14           | expression . TOKEN_OR expression
   15           | expression . TOKEN_MINUS expression
   16           | expression . TOKEN_TIMES expression
   17           | expression . TOKEN_DIVIDE expression
   18           | expression . TOKEN_EQ expression
   19           | expression . TOKEN_NEQ expression
   20           | expression . TOKEN_LT expression
   21           | expression . TOKEN_LEQ expression
   22           | expression . TOKEN_GT expression
   23           | expression . TOKEN_GEQ expression
   29           | expression . TOKEN_CONS expression

    TOKEN_CONS    shift, and go to state 31
    TOKEN_PLUS    shift, and go to state 32
    TOKEN_MINUS   shift, and go to state 33
    TOKEN_TIMES   shift, and go to state 34
    TOKEN_DIVIDE  shift, and go to state 35
    TOKEN_AND     shift, and go to state 36
    TOKEN_OR      shift, and go to state 37
    TOKEN_EQ      shift, and go to state 38
    TOKEN_NEQ     shift, and go to state 39
    TOKEN_GT      shift, and go to state 40
    TOKEN_GEQ     shift, and go to state 41
    TOKEN_LT      shift, and go to state 42
    TOKEN_LEQ     shift, and go to state 43

    $default  reduce using rule 6 (expression)


state 71

   12 expression: expression . TOKEN_PLUS expression
   13           | expression . TOKEN_AND expression
   14           | expression . TOKEN_OR expression
   15           | expression . TOKEN_MINUS expression
   16           | expression . TOKEN_TIMES expression
   17           | expression . TOKEN_DIVIDE expression
   18           | expression . TOKEN_EQ expression
   19           | expression . TOKEN_NEQ expression
   20           | expression . TOKEN_LT expression
   21           | expression . TOKEN_LEQ expression
   22           | expression . TOKEN_GT expression
   23           | expression . TOKEN_GEQ expression
   29           | expression . TOKEN_CONS expression
   36 id_list: expression TOKEN_COMMA expression .

    TOKEN_CONS    shift, and go to state 31
    TOKEN_PLUS    shift, and go to state 32
    TOKEN_MINUS   shift, and go to state 33
    TOKEN_TIMES   shift, and go to state 34
    TOKEN_DIVIDE  shift, and go to state 35
    TOKEN_AND     shift, and go to state 36
    TOKEN_OR      shift, and go to state 37
    TOKEN_NEQ     shift, and go to state 39
    TOKEN_GT      shift, and go to state 40
    TOKEN_GEQ     shift, and go to state 41
    TOKEN_LT      shift, and go to state 42
    TOKEN_LEQ     shift, and go to state 43

    $default  reduce using rule 36 (id_list)


state 72

    5 expression: TOKEN_LAMBDA id_list TOKEN_DOT expression .
   12           | expression . TOKEN_PLUS expression
   13           | expression . TOKEN_AND expression
   14           | expression . TOKEN_OR expression
   15           | expression . TOKEN_MINUS expression
   16           | expression . TOKEN_TIMES expression
   17           | expression . TOKEN_DIVIDE expression
   18           | expression . TOKEN_EQ expression
   19           | expression . TOKEN_NEQ expression
   20           | expression . TOKEN_LT expression
   21           | expression . TOKEN_LEQ expression
   22           | expression . TOKEN_GT expression
   23           | expression . TOKEN_GEQ expression
   29           | expression . TOKEN_CONS expression

    TOKEN_CONS    shift, and go to state 31
    TOKEN_PLUS    shift, and go to state 32
    TOKEN_MINUS   shift, and go to state 33
    TOKEN_TIMES   shift, and go to state 34
    TOKEN_DIVIDE  shift, and go to state 35
    TOKEN_AND     shift, and go to state 36
    TOKEN_OR      shift, and go to state 37
    TOKEN_EQ      shift, and go to state 38
    TOKEN_NEQ     shift, and go to state 39
    TOKEN_GT      shift, and go to state 40
    TOKEN_GEQ     shift, and go to state 41
    TOKEN_LT      shift, and go to state 42
    TOKEN_LEQ     shift, and go to state 43

    $default  reduce using rule 5 (expression)


state 73

   12 expression: expression . TOKEN_PLUS expression
   13           | expression . TOKEN_AND expression
   14           | expression . TOKEN_OR expression
   15           | expression . TOKEN_MINUS expression
   16           | expression . TOKEN_TIMES expression
   17           | expression . TOKEN_DIVIDE expression
   18           | expression . TOKEN_EQ expression
   19           | expression . TOKEN_NEQ expression
   20           | expression . TOKEN_LT expression
   21           | expression . TOKEN_LEQ expression
   22           | expression . TOKEN_GT expression
   23           | expression . TOKEN_GEQ expression
   29           | expression . TOKEN_CONS expression
   37 id_list: id_list TOKEN_COMMA expression .

    TOKEN_CONS    shift, and go to state 31
    TOKEN_PLUS    shift, and go to state 32
    TOKEN_MINUS   shift, and go to state 33
    TOKEN_TIMES   shift, and go to state 34
    TOKEN_DIVIDE  shift, and go to state 35
    TOKEN_AND     shift, and go to state 36
    TOKEN_OR      shift, and go to state 37
    TOKEN_NEQ     shift, and go to state 39
    TOKEN_GT      shift, and go to state 40
    TOKEN_GEQ     shift, and go to state 41
    TOKEN_LT      shift, and go to state 42
    TOKEN_LEQ     shift, and go to state 43

    $default  reduce using rule 37 (id_list)


state 74

    3 expression: TOKEN_FUN expression TOKEN_WITH expression . TOKEN_EQ expression TOKEN_IN expression
   12           | expression . TOKEN_PLUS expression
   13           | expression . TOKEN_AND expression
   14           | expression . TOKEN_OR expression
   15           | expression . TOKEN_MINUS expression
   16           | expression . TOKEN_TIMES expression
   17           | expression . TOKEN_DIVIDE expression
   18           | expression . TOKEN_EQ expression
   19           | expression . TOKEN_NEQ expression
   20           | expression . TOKEN_LT expression
   21           | expression . TOKEN_LEQ expression
   22           | expression . TOKEN_GT expression
   23           | expression . TOKEN_GEQ expression
   29           | expression . TOKEN_CONS expression
   36 id_list: expression . TOKEN_COMMA expression

    TOKEN_CONS    shift, and go to state 31
    TOKEN_PLUS    shift, and go to state 32
    TOKEN_MINUS   shift, and go to state 33
    TOKEN_TIMES   shift, and go to state 34
    TOKEN_DIVIDE  shift, and go to state 35
    TOKEN_AND     shift, and go to state 36
    TOKEN_OR      shift, and go to state 37
    TOKEN_EQ      shift, and go to state 78
    TOKEN_NEQ     shift, and go to state 39
    TOKEN_GT      shift, and go to state 40
    TOKEN_GEQ     shift, and go to state 41
    TOKEN_LT      shift, and go to state 42
    TOKEN_LEQ     shift, and go to state 43
    TOKEN_COMMA   shift, and go to state 51


state 75

    4 expression: TOKEN_FUN expression TOKEN_WITH id_list . TOKEN_EQ expression TOKEN_IN expression
   37 id_list: id_list . TOKEN_COMMA expression

    TOKEN_EQ     shift, and go to state 79
    TOKEN_COMMA  shift, and go to state 53


state 76

    2 expression: TOKEN_LET expression TOKEN_EQ expression TOKEN_IN . expression

    TOKEN_READSTRING  shift, and go to state 1
    TOKEN_READINT     shift, and go to state 2
    TOKEN_PRINT       shift, and go to state 3
    TOKEN_ISNIL       shift, and go to state 4
    TOKEN_HD          shift, and go to state 5
    TOKEN_TL          shift, and go to state 6
    TOKEN_NIL         shift, and go to state 7
    TOKEN_LET         shift, and go to state 8
    TOKEN_IDENTIFIER  shift, and go to state 9
    TOKEN_INT         shift, and go to state 10
    TOKEN_LPAREN      shift, and go to state 11
    TOKEN_IF          shift, and go to state 12
    TOKEN_LAMBDA      shift, and go to state 13
    TOKEN_FUN         shift, and go to state 14
    TOKEN_STRING      shift, and go to state 15
    TOKEN_ERROR       shift, and go to state 16

    expression  go to state 80


state 77

    7 expression: TOKEN_IF expression TOKEN_THEN expression TOKEN_ELSE . expression

    TOKEN_READSTRING  shift, and go to state 1
    TOKEN_READINT     shift, and go to state 2
    TOKEN_PRINT       shift, and go to state 3
    TOKEN_ISNIL       shift, and go to state 4
    TOKEN_HD          shift, and go to state 5
    TOKEN_TL          shift, and go to state 6
    TOKEN_NIL         shift, and go to state 7
    TOKEN_LET         shift, and go to state 8
    TOKEN_IDENTIFIER  shift, and go to state 9
    TOKEN_INT         shift, and go to state 10
    TOKEN_LPAREN      shift, and go to state 11
    TOKEN_IF          shift, and go to state 12
    TOKEN_LAMBDA      shift, and go to state 13
    TOKEN_FUN         shift, and go to state 14
    TOKEN_STRING      shift, and go to state 15
    TOKEN_ERROR       shift, and go to state 16

    expression  go to state 81


state 78

    3 expression: TOKEN_FUN expression TOKEN_WITH expression TOKEN_EQ . expression TOKEN_IN expression
   18           | expression TOKEN_EQ . expression

    TOKEN_READSTRING  shift, and go to state 1
    TOKEN_READINT     shift, and go to state 2
    TOKEN_PRINT       shift, and go to state 3
    TOKEN_ISNIL       shift, and go to state 4
    TOKEN_HD          shift, and go to state 5
    TOKEN_TL          shift, and go to state 6
    TOKEN_NIL         shift, and go to state 7
    TOKEN_LET         shift, and go to state 8
    TOKEN_IDENTIFIER  shift, and go to state 9
    TOKEN_INT         shift, and go to state 10
    TOKEN_LPAREN      shift, and go to state 11
    TOKEN_IF          shift, and go to state 12
    TOKEN_LAMBDA      shift, and go to state 13
    TOKEN_FUN         shift, and go to state 14
    TOKEN_STRING      shift, and go to state 15
    TOKEN_ERROR       shift, and go to state 16

    expression  go to state 82


state 79

    4 expression: TOKEN_FUN expression TOKEN_WITH id_list TOKEN_EQ . expression TOKEN_IN expression

    TOKEN_READSTRING  shift, and go to state 1
    TOKEN_READINT     shift, and go to state 2
    TOKEN_PRINT       shift, and go to state 3
    TOKEN_ISNIL       shift, and go to state 4
    TOKEN_HD          shift, and go to state 5
    TOKEN_TL          shift, and go to state 6
    TOKEN_NIL         shift, and go to state 7
    TOKEN_LET         shift, and go to state 8
    TOKEN_IDENTIFIER  shift, and go to state 9
    TOKEN_INT         shift, and go to state 10
    TOKEN_LPAREN      shift, and go to state 11
    TOKEN_IF          shift, and go to state 12
    TOKEN_LAMBDA      shift, and go to state 13
    TOKEN_FUN         shift, and go to state 14
    TOKEN_STRING      shift, and go to state 15
    TOKEN_ERROR       shift, and go to state 16

    expression  go to state 83


state 80

    2 expression: TOKEN_LET expression TOKEN_EQ expression TOKEN_IN expression .
   12           | expression . TOKEN_PLUS expression
   13           | expression . TOKEN_AND expression
   14           | expression . TOKEN_OR expression
   15           | expression . TOKEN_MINUS expression
   16           | expression . TOKEN_TIMES expression
   17           | expression . TOKEN_DIVIDE expression
   18           | expression . TOKEN_EQ expression
   19           | expression . TOKEN_NEQ expression
   20           | expression . TOKEN_LT expression
   21           | expression . TOKEN_LEQ expression
   22           | expression . TOKEN_GT expression
   23           | expression . TOKEN_GEQ expression
   29           | expression . TOKEN_CONS expression

    TOKEN_CONS    shift, and go to state 31
    TOKEN_PLUS    shift, and go to state 32
    TOKEN_MINUS   shift, and go to state 33
    TOKEN_TIMES   shift, and go to state 34
    TOKEN_DIVIDE  shift, and go to state 35
    TOKEN_AND     shift, and go to state 36
    TOKEN_OR      shift, and go to state 37
    TOKEN_EQ      shift, and go to state 38
    TOKEN_NEQ     shift, and go to state 39
    TOKEN_GT      shift, and go to state 40
    TOKEN_GEQ     shift, and go to state 41
    TOKEN_LT      shift, and go to state 42
    TOKEN_LEQ     shift, and go to state 43

    $default  reduce using rule 2 (expression)


state 81

    7 expression: TOKEN_IF expression TOKEN_THEN expression TOKEN_ELSE expression .
   12           | expression . TOKEN_PLUS expression
   13           | expression . TOKEN_AND expression
   14           | expression . TOKEN_OR expression
   15           | expression . TOKEN_MINUS expression
   16           | expression . TOKEN_TIMES expression
   17           | expression . TOKEN_DIVIDE expression
   18           | expression . TOKEN_EQ expression
   19           | expression . TOKEN_NEQ expression
   20           | expression . TOKEN_LT expression
   21           | expression . TOKEN_LEQ expression
   22           | expression . TOKEN_GT expression
   23           | expression . TOKEN_GEQ expression
   29           | expression . TOKEN_CONS expression

    TOKEN_CONS    shift, and go to state 31
    TOKEN_PLUS    shift, and go to state 32
    TOKEN_MINUS   shift, and go to state 33
    TOKEN_TIMES   shift, and go to state 34
    TOKEN_DIVIDE  shift, and go to state 35
    TOKEN_AND     shift, and go to state 36
    TOKEN_OR      shift, and go to state 37
    TOKEN_EQ      shift, and go to state 38
    TOKEN_NEQ     shift, and go to state 39
    TOKEN_GT      shift, and go to state 40
    TOKEN_GEQ     shift, and go to state 41
    TOKEN_LT      shift, and go to state 42
    TOKEN_LEQ     shift, and go to state 43

    $default  reduce using rule 7 (expression)


state 82

    3 expression: TOKEN_FUN expression TOKEN_WITH expression TOKEN_EQ expression . TOKEN_IN expression
   12           | expression . TOKEN_PLUS expression
   13           | expression . TOKEN_AND expression
   14           | expression . TOKEN_OR expression
   15           | expression . TOKEN_MINUS expression
   16           | expression . TOKEN_TIMES expression
   17           | expression . TOKEN_DIVIDE expression
   18           | expression . TOKEN_EQ expression
   18           | expression TOKEN_EQ expression .
   19           | expression . TOKEN_NEQ expression
   20           | expression . TOKEN_LT expression
   21           | expression . TOKEN_LEQ expression
   22           | expression . TOKEN_GT expression
   23           | expression . TOKEN_GEQ expression
   29           | expression . TOKEN_CONS expression

    TOKEN_CONS    shift, and go to state 31
    TOKEN_PLUS    shift, and go to state 32
    TOKEN_MINUS   shift, and go to state 33
    TOKEN_TIMES   shift, and go to state 34
    TOKEN_DIVIDE  shift, and go to state 35
    TOKEN_AND     shift, and go to state 36
    TOKEN_OR      shift, and go to state 37
    TOKEN_IN      shift, and go to state 84

    $default  reduce using rule 18 (expression)


state 83

    4 expression: TOKEN_FUN expression TOKEN_WITH id_list TOKEN_EQ expression . TOKEN_IN expression
   12           | expression . TOKEN_PLUS expression
   13           | expression . TOKEN_AND expression
   14           | expression . TOKEN_OR expression
   15           | expression . TOKEN_MINUS expression
   16           | expression . TOKEN_TIMES expression
   17           | expression . TOKEN_DIVIDE expression
   18           | expression . TOKEN_EQ expression
   19           | expression . TOKEN_NEQ expression
   20           | expression . TOKEN_LT expression
   21           | expression . TOKEN_LEQ expression
   22           | expression . TOKEN_GT expression
   23           | expression . TOKEN_GEQ expression
   29           | expression . TOKEN_CONS expression

    TOKEN_CONS    shift, and go to state 31
    TOKEN_PLUS    shift, and go to state 32
    TOKEN_MINUS   shift, and go to state 33
    TOKEN_TIMES   shift, and go to state 34
    TOKEN_DIVIDE  shift, and go to state 35
    TOKEN_AND     shift, and go to state 36
    TOKEN_OR      shift, and go to state 37
    TOKEN_EQ      shift, and go to state 38
    TOKEN_NEQ     shift, and go to state 39
    TOKEN_GT      shift, and go to state 40
    TOKEN_GEQ     shift, and go to state 41
    TOKEN_LT      shift, and go to state 42
    TOKEN_LEQ     shift, and go to state 43
    TOKEN_IN      shift, and go to state 85


state 84

    3 expression: TOKEN_FUN expression TOKEN_WITH expression TOKEN_EQ expression TOKEN_IN . expression

    TOKEN_READSTRING  shift, and go to state 1
    TOKEN_READINT     shift, and go to state 2
    TOKEN_PRINT       shift, and go to state 3
    TOKEN_ISNIL       shift, and go to state 4
    TOKEN_HD          shift, and go to state 5
    TOKEN_TL          shift, and go to state 6
    TOKEN_NIL         shift, and go to state 7
    TOKEN_LET         shift, and go to state 8
    TOKEN_IDENTIFIER  shift, and go to state 9
    TOKEN_INT         shift, and go to state 10
    TOKEN_LPAREN      shift, and go to state 11
    TOKEN_IF          shift, and go to state 12
    TOKEN_LAMBDA      shift, and go to state 13
    TOKEN_FUN         shift, and go to state 14
    TOKEN_STRING      shift, and go to state 15
    TOKEN_ERROR       shift, and go to state 16

    expression  go to state 86


state 85

    4 expression: TOKEN_FUN expression TOKEN_WITH id_list TOKEN_EQ expression TOKEN_IN . expression

    TOKEN_READSTRING  shift, and go to state 1
    TOKEN_READINT     shift, and go to state 2
    TOKEN_PRINT       shift, and go to state 3
    TOKEN_ISNIL       shift, and go to state 4
    TOKEN_HD          shift, and go to state 5
    TOKEN_TL          shift, and go to state 6
    TOKEN_NIL         shift, and go to state 7
    TOKEN_LET         shift, and go to state 8
    TOKEN_IDENTIFIER  shift, and go to state 9
    TOKEN_INT         shift, and go to state 10
    TOKEN_LPAREN      shift, and go to state 11
    TOKEN_IF          shift, and go to state 12
    TOKEN_LAMBDA      shift, and go to state 13
    TOKEN_FUN         shift, and go to state 14
    TOKEN_STRING      shift, and go to state 15
    TOKEN_ERROR       shift, and go to state 16

    expression  go to state 87


state 86

    3 expression: TOKEN_FUN expression TOKEN_WITH expression TOKEN_EQ expression TOKEN_IN expression .
   12           | expression . TOKEN_PLUS expression
   13           | expression . TOKEN_AND expression
   14           | expression . TOKEN_OR expression
   15           | expression . TOKEN_MINUS expression
   16           | expression . TOKEN_TIMES expression
   17           | expression . TOKEN_DIVIDE expression
   18           | expression . TOKEN_EQ expression
   19           | expression . TOKEN_NEQ expression
   20           | expression . TOKEN_LT expression
   21           | expression . TOKEN_LEQ expression
   22           | expression . TOKEN_GT expression
   23           | expression . TOKEN_GEQ expression
   29           | expression . TOKEN_CONS expression

    TOKEN_CONS    shift, and go to state 31
    TOKEN_PLUS    shift, and go to state 32
    TOKEN_MINUS   shift, and go to state 33
    TOKEN_TIMES   shift, and go to state 34
    TOKEN_DIVIDE  shift, and go to state 35
    TOKEN_AND     shift, and go to state 36
    TOKEN_OR      shift, and go to state 37
    TOKEN_EQ      shift, and go to state 38
    TOKEN_NEQ     shift, and go to state 39
    TOKEN_GT      shift, and go to state 40
    TOKEN_GEQ     shift, and go to state 41
    TOKEN_LT      shift, and go to state 42
    TOKEN_LEQ     shift, and go to state 43

    $default  reduce using rule 3 (expression)


state 87

    4 expression: TOKEN_FUN expression TOKEN_WITH id_list TOKEN_EQ expression TOKEN_IN expression .
   12           | expression . TOKEN_PLUS expression
   13           | expression . TOKEN_AND expression
   14           | expression . TOKEN_OR expression
   15           | expression . TOKEN_MINUS expression
   16           | expression . TOKEN_TIMES expression
   17           | expression . TOKEN_DIVIDE expression
   18           | expression . TOKEN_EQ expression
   19           | expression . TOKEN_NEQ expression
   20           | expression . TOKEN_LT expression
   21           | expression . TOKEN_LEQ expression
   22           | expression . TOKEN_GT expression
   23           | expression . TOKEN_GEQ expression
   29           | expression . TOKEN_CONS expression

    TOKEN_CONS    shift, and go to state 31
    TOKEN_PLUS    shift, and go to state 32
    TOKEN_MINUS   shift, and go to state 33
    TOKEN_TIMES   shift, and go to state 34
    TOKEN_DIVIDE  shift, and go to state 35
    TOKEN_AND     shift, and go to state 36
    TOKEN_OR      shift, and go to state 37
    TOKEN_EQ      shift, and go to state 38
    TOKEN_NEQ     shift, and go to state 39
    TOKEN_GT      shift, and go to state 40
    TOKEN_GEQ     shift, and go to state 41
    TOKEN_LT      shift, and go to state 42
    TOKEN_LEQ     shift, and go to state 43

    $default  reduce using rule 4 (expression)
